datetime="2022-07-11 15:52:27.3244" eventId=0 logLevel="DEBUG" logger="PedeLogo.Catalogo.Api.Program" message="init main" exception="" url= action=
datetime="2022-07-11 15:52:28.0152" eventId=0 logLevel="ERROR" logger="PedeLogo.Catalogo.Api.Program" message="Stopped program because of exception" exception="System.IO.IOException: Function not implemented
   at System.IO.FileSystemWatcher.StartRaisingEvents()
   at System.IO.FileSystemWatcher.StartRaisingEventsIfNotDisposed()
   at System.IO.FileSystemWatcher.set_EnableRaisingEvents(Boolean value)
   at Microsoft.Extensions.FileProviders.Physical.PhysicalFilesWatcher.TryEnableFileSystemWatcher()
   at Microsoft.Extensions.FileProviders.Physical.PhysicalFilesWatcher.CreateFileChangeToken(String filter)
   at Microsoft.Extensions.FileProviders.PhysicalFileProvider.Watch(String filter)
   at Microsoft.Extensions.Configuration.FileConfigurationProvider.<.ctor>b__1_0()
   at Microsoft.Extensions.Primitives.ChangeToken.ChangeTokenRegistration`1..ctor(Func`1 changeTokenProducer, Action`1 changeTokenConsumer, TState state)
   at Microsoft.Extensions.Primitives.ChangeToken.OnChange(Func`1 changeTokenProducer, Action changeTokenConsumer)
   at Microsoft.Extensions.Configuration.FileConfigurationProvider..ctor(FileConfigurationSource source)
   at Microsoft.Extensions.Configuration.Json.JsonConfigurationSource.Build(IConfigurationBuilder builder)
   at Microsoft.Extensions.Configuration.ConfigurationBuilder.Build()
   at Microsoft.Extensions.Hosting.HostBuilder.BuildAppConfiguration()
   at Microsoft.Extensions.Hosting.HostBuilder.Build()
   at PedeLogo.Catalogo.Api.Program.Main(String[] args) in /src/src/PedeLogo.Catalogo.Api/Program.cs:line 30" url= action=
datetime="2022-07-11 16:07:17.7427" eventId=0 logLevel="DEBUG" logger="PedeLogo.Catalogo.Api.Program" message="init main" exception="" url= action=
datetime="2022-07-11 16:07:18.1597" eventId=0 logLevel="ERROR" logger="PedeLogo.Catalogo.Api.Program" message="Stopped program because of exception" exception="System.IO.IOException: Function not implemented
   at System.IO.FileSystemWatcher.StartRaisingEvents()
   at System.IO.FileSystemWatcher.StartRaisingEventsIfNotDisposed()
   at System.IO.FileSystemWatcher.set_EnableRaisingEvents(Boolean value)
   at Microsoft.Extensions.FileProviders.Physical.PhysicalFilesWatcher.TryEnableFileSystemWatcher()
   at Microsoft.Extensions.FileProviders.Physical.PhysicalFilesWatcher.CreateFileChangeToken(String filter)
   at Microsoft.Extensions.FileProviders.PhysicalFileProvider.Watch(String filter)
   at Microsoft.Extensions.Configuration.FileConfigurationProvider.<.ctor>b__1_0()
   at Microsoft.Extensions.Primitives.ChangeToken.ChangeTokenRegistration`1..ctor(Func`1 changeTokenProducer, Action`1 changeTokenConsumer, TState state)
   at Microsoft.Extensions.Primitives.ChangeToken.OnChange(Func`1 changeTokenProducer, Action changeTokenConsumer)
   at Microsoft.Extensions.Configuration.FileConfigurationProvider..ctor(FileConfigurationSource source)
   at Microsoft.Extensions.Configuration.Json.JsonConfigurationSource.Build(IConfigurationBuilder builder)
   at Microsoft.Extensions.Configuration.ConfigurationBuilder.Build()
   at Microsoft.Extensions.Hosting.HostBuilder.BuildAppConfiguration()
   at Microsoft.Extensions.Hosting.HostBuilder.Build()
   at PedeLogo.Catalogo.Api.Program.Main(String[] args) in /src/src/PedeLogo.Catalogo.Api/Program.cs:line 30" url= action=
datetime="2022-07-11 16:09:36.7144" eventId=0 logLevel="DEBUG" logger="PedeLogo.Catalogo.Api.Program" message="init main" exception="" url= action=
datetime="2022-07-11 16:09:37.1100" eventId=0 logLevel="ERROR" logger="PedeLogo.Catalogo.Api.Program" message="Stopped program because of exception" exception="System.IO.IOException: Function not implemented
   at System.IO.FileSystemWatcher.StartRaisingEvents()
   at System.IO.FileSystemWatcher.StartRaisingEventsIfNotDisposed()
   at System.IO.FileSystemWatcher.set_EnableRaisingEvents(Boolean value)
   at Microsoft.Extensions.FileProviders.Physical.PhysicalFilesWatcher.TryEnableFileSystemWatcher()
   at Microsoft.Extensions.FileProviders.Physical.PhysicalFilesWatcher.CreateFileChangeToken(String filter)
   at Microsoft.Extensions.FileProviders.PhysicalFileProvider.Watch(String filter)
   at Microsoft.Extensions.Configuration.FileConfigurationProvider.<.ctor>b__1_0()
   at Microsoft.Extensions.Primitives.ChangeToken.ChangeTokenRegistration`1..ctor(Func`1 changeTokenProducer, Action`1 changeTokenConsumer, TState state)
   at Microsoft.Extensions.Primitives.ChangeToken.OnChange(Func`1 changeTokenProducer, Action changeTokenConsumer)
   at Microsoft.Extensions.Configuration.FileConfigurationProvider..ctor(FileConfigurationSource source)
   at Microsoft.Extensions.Configuration.Json.JsonConfigurationSource.Build(IConfigurationBuilder builder)
   at Microsoft.Extensions.Configuration.ConfigurationBuilder.Build()
   at Microsoft.Extensions.Hosting.HostBuilder.BuildAppConfiguration()
   at Microsoft.Extensions.Hosting.HostBuilder.Build()
   at PedeLogo.Catalogo.Api.Program.Main(String[] args) in /src/src/PedeLogo.Catalogo.Api/Program.cs:line 30" url= action=
datetime="2022-07-11 17:19:56.9106" eventId=0 logLevel="DEBUG" logger="PedeLogo.Catalogo.Api.Program" message="init main" exception="" url= action=
datetime="2022-07-11 17:19:57.2562" eventId=0 logLevel="ERROR" logger="PedeLogo.Catalogo.Api.Program" message="Stopped program because of exception" exception="System.IO.IOException: Function not implemented
   at System.IO.FileSystemWatcher.StartRaisingEvents()
   at System.IO.FileSystemWatcher.StartRaisingEventsIfNotDisposed()
   at System.IO.FileSystemWatcher.set_EnableRaisingEvents(Boolean value)
   at Microsoft.Extensions.FileProviders.Physical.PhysicalFilesWatcher.TryEnableFileSystemWatcher()
   at Microsoft.Extensions.FileProviders.Physical.PhysicalFilesWatcher.CreateFileChangeToken(String filter)
   at Microsoft.Extensions.FileProviders.PhysicalFileProvider.Watch(String filter)
   at Microsoft.Extensions.Configuration.FileConfigurationProvider.<.ctor>b__1_0()
   at Microsoft.Extensions.Primitives.ChangeToken.ChangeTokenRegistration`1..ctor(Func`1 changeTokenProducer, Action`1 changeTokenConsumer, TState state)
   at Microsoft.Extensions.Primitives.ChangeToken.OnChange(Func`1 changeTokenProducer, Action changeTokenConsumer)
   at Microsoft.Extensions.Configuration.FileConfigurationProvider..ctor(FileConfigurationSource source)
   at Microsoft.Extensions.Configuration.Json.JsonConfigurationSource.Build(IConfigurationBuilder builder)
   at Microsoft.Extensions.Configuration.ConfigurationBuilder.Build()
   at Microsoft.Extensions.Hosting.HostBuilder.BuildAppConfiguration()
   at Microsoft.Extensions.Hosting.HostBuilder.Build()
   at PedeLogo.Catalogo.Api.Program.Main(String[] args) in /src/src/PedeLogo.Catalogo.Api/Program.cs:line 30" url= action=
